C:\USERS\LJH\DOCUMENTS\VISUAL STUDIO 2010\PROJECTS\MYDLLPROJECT\DEBUG\SERVER.DLL
C:\Users\ljh\documents\visual studio 2010\Projects\MyDLLProject\Debug\Server.exp
C:\USERS\LJH\DOCUMENTS\VISUAL STUDIO 2010\PROJECTS\MYDLLPROJECT\DEBUG\SERVER.ILK
C:\Users\ljh\documents\visual studio 2010\Projects\MyDLLProject\Debug\Server.lib
C:\USERS\LJH\DOCUMENTS\VISUAL STUDIO 2010\PROJECTS\MYDLLPROJECT\DEBUG\SERVER.PDB
C:\Users\ljh\documents\visual studio 2010\Projects\MyDLLProject\Server\Debug\cl.command.1.tlog
C:\Users\ljh\documents\visual studio 2010\Projects\MyDLLProject\Server\Debug\CL.read.1.tlog
C:\Users\ljh\documents\visual studio 2010\Projects\MyDLLProject\Server\Debug\CL.write.1.tlog
C:\Users\ljh\documents\visual studio 2010\Projects\MyDLLProject\Server\Debug\link.33440.read.1.tlog
C:\Users\ljh\documents\visual studio 2010\Projects\MyDLLProject\Server\Debug\link.33440.write.1.tlog
C:\Users\ljh\documents\visual studio 2010\Projects\MyDLLProject\Server\Debug\link.33440-cvtres.read.1.tlog
C:\Users\ljh\documents\visual studio 2010\Projects\MyDLLProject\Server\Debug\link.33440-cvtres.write.1.tlog
C:\Users\ljh\documents\visual studio 2010\Projects\MyDLLProject\Server\Debug\link.command.1.tlog
C:\Users\ljh\documents\visual studio 2010\Projects\MyDLLProject\Server\Debug\link.read.1.tlog
C:\Users\ljh\documents\visual studio 2010\Projects\MyDLLProject\Server\Debug\link.write.1.tlog
C:\Users\ljh\documents\visual studio 2010\Projects\MyDLLProject\Server\Debug\link-cvtres.read.1.tlog
C:\Users\ljh\documents\visual studio 2010\Projects\MyDLLProject\Server\Debug\link-cvtres.write.1.tlog
C:\Users\ljh\documents\visual studio 2010\Projects\MyDLLProject\Server\Debug\mt.command.1.tlog
C:\Users\ljh\documents\visual studio 2010\Projects\MyDLLProject\Server\Debug\mt.read.1.tlog
C:\Users\ljh\documents\visual studio 2010\Projects\MyDLLProject\Server\Debug\mt.write.1.tlog
C:\Users\ljh\documents\visual studio 2010\Projects\MyDLLProject\Server\Debug\rc.command.1.tlog
C:\Users\ljh\documents\visual studio 2010\Projects\MyDLLProject\Server\Debug\rc.read.1.tlog
C:\Users\ljh\documents\visual studio 2010\Projects\MyDLLProject\Server\Debug\rc.write.1.tlog
C:\USERS\LJH\DOCUMENTS\VISUAL STUDIO 2010\PROJECTS\MYDLLPROJECT\SERVER\DEBUG\SERVER.DLL.EMBED.MANIFEST
C:\USERS\LJH\DOCUMENTS\VISUAL STUDIO 2010\PROJECTS\MYDLLPROJECT\SERVER\DEBUG\SERVER.DLL.EMBED.MANIFEST.RES
C:\USERS\LJH\DOCUMENTS\VISUAL STUDIO 2010\PROJECTS\MYDLLPROJECT\SERVER\DEBUG\SERVER.DLL.INTERMEDIATE.MANIFEST
C:\USERS\LJH\DOCUMENTS\VISUAL STUDIO 2010\PROJECTS\MYDLLPROJECT\SERVER\DEBUG\SERVER.OBJ
C:\Users\ljh\documents\visual studio 2010\Projects\MyDLLProject\Server\Debug\Server.write.1.tlog
C:\Users\ljh\documents\visual studio 2010\Projects\MyDLLProject\Server\Debug\Server_manifest.rc
C:\Users\ljh\documents\visual studio 2010\Projects\MyDLLProject\Server\Debug\vc100.idb
C:\USERS\LJH\DOCUMENTS\VISUAL STUDIO 2010\PROJECTS\MYDLLPROJECT\SERVER\DEBUG\VC100.PDB
