C:\USERS\LJH\DOCUMENTS\VISUAL STUDIO 2010\PROJECTS\MYDLLPROJECT\BIN\DEBUG\MYDLL.DLL
C:\USERS\LJH\DOCUMENTS\VISUAL STUDIO 2010\PROJECTS\MYDLLPROJECT\BIN\DEBUG\MYDLL.ILK
C:\USERS\LJH\DOCUMENTS\VISUAL STUDIO 2010\PROJECTS\MYDLLPROJECT\BIN\DEBUG\MYDLL.PDB
C:\Users\ljh\documents\visual studio 2010\Projects\MyDLLProject\MyDLL\Debug\cl.command.1.tlog
C:\Users\ljh\documents\visual studio 2010\Projects\MyDLLProject\MyDLL\Debug\CL.read.1.tlog
C:\Users\ljh\documents\visual studio 2010\Projects\MyDLLProject\MyDLL\Debug\CL.write.1.tlog
C:\Users\ljh\documents\visual studio 2010\Projects\MyDLLProject\MyDLL\Debug\link.16084.read.1.tlog
C:\Users\ljh\documents\visual studio 2010\Projects\MyDLLProject\MyDLL\Debug\link.16084.write.1.tlog
C:\Users\ljh\documents\visual studio 2010\Projects\MyDLLProject\MyDLL\Debug\link.16084-cvtres.read.1.tlog
C:\Users\ljh\documents\visual studio 2010\Projects\MyDLLProject\MyDLL\Debug\link.16084-cvtres.write.1.tlog
C:\Users\ljh\documents\visual studio 2010\Projects\MyDLLProject\MyDLL\Debug\link.command.1.tlog
C:\Users\ljh\documents\visual studio 2010\Projects\MyDLLProject\MyDLL\Debug\link.read.1.tlog
C:\Users\ljh\documents\visual studio 2010\Projects\MyDLLProject\MyDLL\Debug\link.write.1.tlog
C:\Users\ljh\documents\visual studio 2010\Projects\MyDLLProject\MyDLL\Debug\link-cvtres.read.1.tlog
C:\Users\ljh\documents\visual studio 2010\Projects\MyDLLProject\MyDLL\Debug\link-cvtres.write.1.tlog
C:\Users\ljh\documents\visual studio 2010\Projects\MyDLLProject\MyDLL\Debug\mt.command.1.tlog
C:\Users\ljh\documents\visual studio 2010\Projects\MyDLLProject\MyDLL\Debug\mt.read.1.tlog
C:\Users\ljh\documents\visual studio 2010\Projects\MyDLLProject\MyDLL\Debug\mt.write.1.tlog
C:\USERS\LJH\DOCUMENTS\VISUAL STUDIO 2010\PROJECTS\MYDLLPROJECT\MYDLL\DEBUG\MYDLL.DLL.EMBED.MANIFEST
C:\USERS\LJH\DOCUMENTS\VISUAL STUDIO 2010\PROJECTS\MYDLLPROJECT\MYDLL\DEBUG\MYDLL.DLL.EMBED.MANIFEST.RES
C:\USERS\LJH\DOCUMENTS\VISUAL STUDIO 2010\PROJECTS\MYDLLPROJECT\MYDLL\DEBUG\MYDLL.DLL.INTERMEDIATE.MANIFEST
C:\Users\ljh\documents\visual studio 2010\Projects\MyDLLProject\MyDLL\Debug\MyDLL.write.1.tlog
C:\Users\ljh\documents\visual studio 2010\Projects\MyDLLProject\MyDLL\Debug\MyDLL_manifest.rc
C:\USERS\LJH\DOCUMENTS\VISUAL STUDIO 2010\PROJECTS\MYDLLPROJECT\MYDLL\DEBUG\NETWORK_LIB.OBJ
C:\Users\ljh\documents\visual studio 2010\Projects\MyDLLProject\MyDLL\Debug\rc.command.1.tlog
C:\Users\ljh\documents\visual studio 2010\Projects\MyDLLProject\MyDLL\Debug\rc.read.1.tlog
C:\Users\ljh\documents\visual studio 2010\Projects\MyDLLProject\MyDLL\Debug\rc.write.1.tlog
C:\Users\ljh\documents\visual studio 2010\Projects\MyDLLProject\MyDLL\Debug\vc100.idb
C:\USERS\LJH\DOCUMENTS\VISUAL STUDIO 2010\PROJECTS\MYDLLPROJECT\MYDLL\DEBUG\VC100.PDB
