生成启动时间为 2025/2/28 10:28:44。
     1>项目“C:\Users\ljh\documents\visual studio 2010\Projects\MyDLLProject\MyDLL\MyDLL.vcxproj”在节点 2 上(rebuild 个目标)。
     1>_PrepareForClean:
         正在删除文件“Debug\MyDLL.lastbuildstate”。
       InitializeBuildStatus:
         正在创建“Debug\MyDLL.unsuccessfulbuild”，因为已指定“AlwaysCreate”。
       ClCompile:
         E:\Program Files (x86)\Microsoft Visual Studio 10.0\VC\bin\CL.exe /c /I"C:\Users\ljh\documents\visual studio 2010\Projects\MyDLLProject\MyDLL\include" /ZI /nologo /W3 /WX- /Od /Oy- /D WIN32 /D _DEBUG /D _WINDOWS /D _USRDLL /D MYDLL_EXPORTS /D _WINDLL /D _UNICODE /D UNICODE /Gm /EHsc /RTC1 /MDd /GS /fp:precise /Zc:wchar_t /Zc:forScope /Fo"Debug\\" /Fd"Debug\vc100.pdb" /Gd /TP /analyze- /errorReport:prompt network_lib.cpp
         network_lib.cpp
     1>c:\users\ljh\documents\visual studio 2010\projects\mydllproject\mydll\network_lib.h(23): warning C4190: “ReceiveData”有指定的 C 链接，但返回了与 C 不兼容的 UDT“std::basic_string<_Elem,_Traits,_Ax>”
                 with
                 [
                     _Elem=char,
                     _Traits=std::char_traits<char>,
                     _Ax=std::allocator<char>
                 ]
     1>c:\users\ljh\documents\visual studio 2010\projects\mydllproject\mydll\network_lib.h(26): warning C4190: “ReadFileContent”有指定的 C 链接，但返回了与 C 不兼容的 UDT“std::basic_string<_Elem,_Traits,_Ax>”
                 with
                 [
                     _Elem=char,
                     _Traits=std::char_traits<char>,
                     _Ax=std::allocator<char>
                 ]
     1>c:\users\ljh\documents\visual studio 2010\projects\mydllproject\mydll\network_lib.cpp(12): warning C4273: “InitializeWinsock”: dll 链接不一致
                 c:\users\ljh\documents\visual studio 2010\projects\mydllproject\mydll\network_lib.h(14) : 参见“InitializeWinsock”的前一个定义
     1>c:\users\ljh\documents\visual studio 2010\projects\mydllproject\mydll\network_lib.cpp(19): warning C4273: “ConnectToServer”: dll 链接不一致
                 c:\users\ljh\documents\visual studio 2010\projects\mydllproject\mydll\network_lib.h(17) : 参见“ConnectToServer”的前一个定义
     1>c:\users\ljh\documents\visual studio 2010\projects\mydllproject\mydll\network_lib.cpp(41): warning C4273: “SendData”: dll 链接不一致
                 c:\users\ljh\documents\visual studio 2010\projects\mydllproject\mydll\network_lib.h(20) : 参见“SendData”的前一个定义
     1>c:\users\ljh\documents\visual studio 2010\projects\mydllproject\mydll\network_lib.cpp(51): warning C4273: “ReceiveData”: dll 链接不一致
                 c:\users\ljh\documents\visual studio 2010\projects\mydllproject\mydll\network_lib.h(23) : 参见“ReceiveData”的前一个定义
     1>c:\users\ljh\documents\visual studio 2010\projects\mydllproject\mydll\network_lib.cpp(73): warning C4273: “ReadFileContent”: dll 链接不一致
                 c:\users\ljh\documents\visual studio 2010\projects\mydllproject\mydll\network_lib.h(26) : 参见“ReadFileContent”的前一个定义
     1>c:\users\ljh\documents\visual studio 2010\projects\mydllproject\mydll\network_lib.cpp(123): warning C4273: “StartCommunication”: dll 链接不一致
                 c:\users\ljh\documents\visual studio 2010\projects\mydllproject\mydll\network_lib.h(29) : 参见“StartCommunication”的前一个定义
       ManifestResourceCompile:
         C:\Program Files (x86)\Microsoft SDKs\Windows\v7.0A\bin\rc.exe /nologo /fo"Debug\MyDLL.dll.embed.manifest.res" Debug\MyDLL_manifest.rc 
       Link:
         E:\Program Files (x86)\Microsoft Visual Studio 10.0\VC\bin\link.exe /ERRORREPORT:PROMPT /OUT:"C:\Users\ljh\documents\visual studio 2010\Projects\MyDLLProject\bin\Debug\MyDLL.dll" /INCREMENTAL /NOLOGO kernel32.lib user32.lib gdi32.lib winspool.lib comdlg32.lib advapi32.lib shell32.lib ole32.lib oleaut32.lib uuid.lib odbc32.lib odbccp32.lib /MANIFEST /ManifestFile:"Debug\MyDLL.dll.intermediate.manifest" /MANIFESTUAC:"level='asInvoker' uiAccess='false'" /DEBUG /PDB:"C:\Users\ljh\documents\visual studio 2010\Projects\MyDLLProject\bin\Debug\MyDLL.pdb" /SUBSYSTEM:WINDOWS /TLBID:1 /DYNAMICBASE /NXCOMPAT /IMPLIB:"C:\Users\ljh\documents\visual studio 2010\Projects\MyDLLProject\bin\Debug\MyDLL.lib" /MACHINE:X86 /DLL Debug\MyDLL.dll.embed.manifest.res
         Debug\network_lib.obj
            正在创建库 C:\Users\ljh\documents\visual studio 2010\Projects\MyDLLProject\bin\Debug\MyDLL.lib 和对象 C:\Users\ljh\documents\visual studio 2010\Projects\MyDLLProject\bin\Debug\MyDLL.exp
       Manifest:
         正在删除文件“Debug\MyDLL.dll.embed.manifest”。
         C:\Program Files (x86)\Microsoft SDKs\Windows\v7.0A\bin\mt.exe /nologo /verbose /out:"Debug\MyDLL.dll.embed.manifest" /manifest Debug\MyDLL.dll.intermediate.manifest
         C:\Program Files (x86)\Microsoft SDKs\Windows\v7.0A\bin\rc.exe /nologo /fo"Debug\MyDLL.dll.embed.manifest.res" Debug\MyDLL_manifest.rc 
       LinkEmbedManifest:
         E:\Program Files (x86)\Microsoft Visual Studio 10.0\VC\bin\link.exe /ERRORREPORT:PROMPT /OUT:"C:\Users\ljh\documents\visual studio 2010\Projects\MyDLLProject\bin\Debug\MyDLL.dll" /INCREMENTAL /NOLOGO kernel32.lib user32.lib gdi32.lib winspool.lib comdlg32.lib advapi32.lib shell32.lib ole32.lib oleaut32.lib uuid.lib odbc32.lib odbccp32.lib /MANIFEST /ManifestFile:"Debug\MyDLL.dll.intermediate.manifest" /MANIFESTUAC:"level='asInvoker' uiAccess='false'" /DEBUG /PDB:"C:\Users\ljh\documents\visual studio 2010\Projects\MyDLLProject\bin\Debug\MyDLL.pdb" /SUBSYSTEM:WINDOWS /TLBID:1 /DYNAMICBASE /NXCOMPAT /IMPLIB:"C:\Users\ljh\documents\visual studio 2010\Projects\MyDLLProject\bin\Debug\MyDLL.lib" /MACHINE:X86 /DLL Debug\MyDLL.dll.embed.manifest.res
         Debug\network_lib.obj
            正在创建库 C:\Users\ljh\documents\visual studio 2010\Projects\MyDLLProject\bin\Debug\MyDLL.lib 和对象 C:\Users\ljh\documents\visual studio 2010\Projects\MyDLLProject\bin\Debug\MyDLL.exp
         MyDLL.vcxproj -> C:\Users\ljh\documents\visual studio 2010\Projects\MyDLLProject\bin\Debug\MyDLL.dll
       FinalizeBuildStatus:
         正在删除文件“Debug\MyDLL.unsuccessfulbuild”。
         正在对“Debug\MyDLL.lastbuildstate”执行 Touch 任务。
     1>已完成生成项目“C:\Users\ljh\documents\visual studio 2010\Projects\MyDLLProject\MyDLL\MyDLL.vcxproj”(rebuild 个目标)的操作。

生成成功。

已用时间 00:00:01.84
